<?xml version="1.0" encoding="UTF-8"?>
<testsuite xmlns:xsi="http://www.w3.org/2001/XMLSchema-instance" xsi:noNamespaceSchemaLocation="https://maven.apache.org/surefire/maven-surefire-plugin/xsd/surefire-test-report.xsd" name="com.liteon.icgcloud.AppTest" time="0.058" tests="1" errors="0" skipped="0" failures="0">
  <properties>
    <property name="awt.toolkit" value="sun.awt.X11.XToolkit"/>
    <property name="file.encoding.pkg" value="sun.io"/>
    <property name="java.specification.version" value="1.8"/>
    <property name="sun.cpu.isalist" value=""/>
    <property name="sun.jnu.encoding" value="UTF-8"/>
    <property name="java.class.path" value="/home/ubuntu/workspace/workspace/cloud/HourInterceptor/target/test-classes:/home/ubuntu/workspace/workspace/cloud/HourInterceptor/target/classes:/home/ubuntu/.m2/repository/org/apache/flume/flume-ng-sdk/1.6.0/flume-ng-sdk-1.6.0.jar:/home/ubuntu/.m2/repository/org/apache/avro/avro/1.7.4/avro-1.7.4.jar:/home/ubuntu/.m2/repository/org/codehaus/jackson/jackson-core-asl/1.8.8/jackson-core-asl-1.8.8.jar:/home/ubuntu/.m2/repository/org/codehaus/jackson/jackson-mapper-asl/1.8.8/jackson-mapper-asl-1.8.8.jar:/home/ubuntu/.m2/repository/com/thoughtworks/paranamer/paranamer/2.3/paranamer-2.3.jar:/home/ubuntu/.m2/repository/org/xerial/snappy/snappy-java/1.0.4.1/snappy-java-1.0.4.1.jar:/home/ubuntu/.m2/repository/org/apache/commons/commons-compress/1.4.1/commons-compress-1.4.1.jar:/home/ubuntu/.m2/repository/org/tukaani/xz/1.0/xz-1.0.jar:/home/ubuntu/.m2/repository/org/apache/avro/avro-ipc/1.7.4/avro-ipc-1.7.4.jar:/home/ubuntu/.m2/repository/org/apache/velocity/velocity/1.7/velocity-1.7.jar:/home/ubuntu/.m2/repository/commons-collections/commons-collections/3.2.1/commons-collections-3.2.1.jar:/home/ubuntu/.m2/repository/io/netty/netty/3.5.12.Final/netty-3.5.12.Final.jar:/home/ubuntu/.m2/repository/org/apache/thrift/libthrift/0.9.0/libthrift-0.9.0.jar:/home/ubuntu/.m2/repository/org/apache/httpcomponents/httpclient/4.1.3/httpclient-4.1.3.jar:/home/ubuntu/.m2/repository/commons-logging/commons-logging/1.1.1/commons-logging-1.1.1.jar:/home/ubuntu/.m2/repository/org/apache/httpcomponents/httpcore/4.1.3/httpcore-4.1.3.jar:/home/ubuntu/.m2/repository/org/apache/flume/flume-ng-core/1.6.0/flume-ng-core-1.6.0.jar:/home/ubuntu/.m2/repository/org/apache/flume/flume-ng-configuration/1.6.0/flume-ng-configuration-1.6.0.jar:/home/ubuntu/.m2/repository/org/apache/flume/flume-ng-auth/1.6.0/flume-ng-auth-1.6.0.jar:/home/ubuntu/.m2/repository/org/slf4j/slf4j-api/1.6.1/slf4j-api-1.6.1.jar:/home/ubuntu/.m2/repository/com/google/guava/guava/11.0.2/guava-11.0.2.jar:/home/ubuntu/.m2/repository/com/google/code/findbugs/jsr305/1.3.9/jsr305-1.3.9.jar:/home/ubuntu/.m2/repository/commons-io/commons-io/2.1/commons-io-2.1.jar:/home/ubuntu/.m2/repository/commons-codec/commons-codec/1.8/commons-codec-1.8.jar:/home/ubuntu/.m2/repository/log4j/log4j/1.2.17/log4j-1.2.17.jar:/home/ubuntu/.m2/repository/org/slf4j/slf4j-log4j12/1.6.1/slf4j-log4j12-1.6.1.jar:/home/ubuntu/.m2/repository/commons-cli/commons-cli/1.2/commons-cli-1.2.jar:/home/ubuntu/.m2/repository/commons-lang/commons-lang/2.5/commons-lang-2.5.jar:/home/ubuntu/.m2/repository/joda-time/joda-time/2.1/joda-time-2.1.jar:/home/ubuntu/.m2/repository/org/mortbay/jetty/servlet-api/2.5-20110124/servlet-api-2.5-20110124.jar:/home/ubuntu/.m2/repository/org/mortbay/jetty/jetty-util/6.1.26/jetty-util-6.1.26.jar:/home/ubuntu/.m2/repository/org/mortbay/jetty/jetty/6.1.26/jetty-6.1.26.jar:/home/ubuntu/.m2/repository/com/google/code/gson/gson/2.2.2/gson-2.2.2.jar:/home/ubuntu/.m2/repository/org/apache/mina/mina-core/2.0.4/mina-core-2.0.4.jar:/home/ubuntu/.m2/repository/junit/junit/4.11/junit-4.11.jar:/home/ubuntu/.m2/repository/org/hamcrest/hamcrest-core/1.3/hamcrest-core-1.3.jar:/home/ubuntu/.m2/repository/com/fasterxml/jackson/core/jackson-databind/2.9.5/jackson-databind-2.9.5.jar:/home/ubuntu/.m2/repository/com/fasterxml/jackson/core/jackson-annotations/2.9.0/jackson-annotations-2.9.0.jar:/home/ubuntu/.m2/repository/com/fasterxml/jackson/core/jackson-core/2.9.5/jackson-core-2.9.5.jar:"/>
    <property name="java.vm.vendor" value="Oracle Corporation"/>
    <property name="sun.arch.data.model" value="64"/>
    <property name="java.vendor.url" value="http://java.oracle.com/"/>
    <property name="user.timezone" value=""/>
    <property name="java.vm.specification.version" value="1.8"/>
    <property name="os.name" value="Linux"/>
    <property name="user.country" value="US"/>
    <property name="sun.java.launcher" value="SUN_STANDARD"/>
    <property name="sun.boot.library.path" value="/usr/lib/jvm/java-8-oracle/jre/lib/amd64"/>
    <property name="sun.java.command" value="/home/ubuntu/workspace/workspace/cloud/HourInterceptor/target/surefire/surefirebooter1621561969750565257.jar /home/ubuntu/workspace/workspace/cloud/HourInterceptor/target/surefire 2018-07-17T11-54-14_546-jvmRun1 surefire8325763250099725148tmp surefire_06060009263794853715tmp"/>
    <property name="surefire.test.class.path" value="/home/ubuntu/workspace/workspace/cloud/HourInterceptor/target/test-classes:/home/ubuntu/workspace/workspace/cloud/HourInterceptor/target/classes:/home/ubuntu/.m2/repository/org/apache/flume/flume-ng-sdk/1.6.0/flume-ng-sdk-1.6.0.jar:/home/ubuntu/.m2/repository/org/apache/avro/avro/1.7.4/avro-1.7.4.jar:/home/ubuntu/.m2/repository/org/codehaus/jackson/jackson-core-asl/1.8.8/jackson-core-asl-1.8.8.jar:/home/ubuntu/.m2/repository/org/codehaus/jackson/jackson-mapper-asl/1.8.8/jackson-mapper-asl-1.8.8.jar:/home/ubuntu/.m2/repository/com/thoughtworks/paranamer/paranamer/2.3/paranamer-2.3.jar:/home/ubuntu/.m2/repository/org/xerial/snappy/snappy-java/1.0.4.1/snappy-java-1.0.4.1.jar:/home/ubuntu/.m2/repository/org/apache/commons/commons-compress/1.4.1/commons-compress-1.4.1.jar:/home/ubuntu/.m2/repository/org/tukaani/xz/1.0/xz-1.0.jar:/home/ubuntu/.m2/repository/org/apache/avro/avro-ipc/1.7.4/avro-ipc-1.7.4.jar:/home/ubuntu/.m2/repository/org/apache/velocity/velocity/1.7/velocity-1.7.jar:/home/ubuntu/.m2/repository/commons-collections/commons-collections/3.2.1/commons-collections-3.2.1.jar:/home/ubuntu/.m2/repository/io/netty/netty/3.5.12.Final/netty-3.5.12.Final.jar:/home/ubuntu/.m2/repository/org/apache/thrift/libthrift/0.9.0/libthrift-0.9.0.jar:/home/ubuntu/.m2/repository/org/apache/httpcomponents/httpclient/4.1.3/httpclient-4.1.3.jar:/home/ubuntu/.m2/repository/commons-logging/commons-logging/1.1.1/commons-logging-1.1.1.jar:/home/ubuntu/.m2/repository/org/apache/httpcomponents/httpcore/4.1.3/httpcore-4.1.3.jar:/home/ubuntu/.m2/repository/org/apache/flume/flume-ng-core/1.6.0/flume-ng-core-1.6.0.jar:/home/ubuntu/.m2/repository/org/apache/flume/flume-ng-configuration/1.6.0/flume-ng-configuration-1.6.0.jar:/home/ubuntu/.m2/repository/org/apache/flume/flume-ng-auth/1.6.0/flume-ng-auth-1.6.0.jar:/home/ubuntu/.m2/repository/org/slf4j/slf4j-api/1.6.1/slf4j-api-1.6.1.jar:/home/ubuntu/.m2/repository/com/google/guava/guava/11.0.2/guava-11.0.2.jar:/home/ubuntu/.m2/repository/com/google/code/findbugs/jsr305/1.3.9/jsr305-1.3.9.jar:/home/ubuntu/.m2/repository/commons-io/commons-io/2.1/commons-io-2.1.jar:/home/ubuntu/.m2/repository/commons-codec/commons-codec/1.8/commons-codec-1.8.jar:/home/ubuntu/.m2/repository/log4j/log4j/1.2.17/log4j-1.2.17.jar:/home/ubuntu/.m2/repository/org/slf4j/slf4j-log4j12/1.6.1/slf4j-log4j12-1.6.1.jar:/home/ubuntu/.m2/repository/commons-cli/commons-cli/1.2/commons-cli-1.2.jar:/home/ubuntu/.m2/repository/commons-lang/commons-lang/2.5/commons-lang-2.5.jar:/home/ubuntu/.m2/repository/joda-time/joda-time/2.1/joda-time-2.1.jar:/home/ubuntu/.m2/repository/org/mortbay/jetty/servlet-api/2.5-20110124/servlet-api-2.5-20110124.jar:/home/ubuntu/.m2/repository/org/mortbay/jetty/jetty-util/6.1.26/jetty-util-6.1.26.jar:/home/ubuntu/.m2/repository/org/mortbay/jetty/jetty/6.1.26/jetty-6.1.26.jar:/home/ubuntu/.m2/repository/com/google/code/gson/gson/2.2.2/gson-2.2.2.jar:/home/ubuntu/.m2/repository/org/apache/mina/mina-core/2.0.4/mina-core-2.0.4.jar:/home/ubuntu/.m2/repository/junit/junit/4.11/junit-4.11.jar:/home/ubuntu/.m2/repository/org/hamcrest/hamcrest-core/1.3/hamcrest-core-1.3.jar:/home/ubuntu/.m2/repository/com/fasterxml/jackson/core/jackson-databind/2.9.5/jackson-databind-2.9.5.jar:/home/ubuntu/.m2/repository/com/fasterxml/jackson/core/jackson-annotations/2.9.0/jackson-annotations-2.9.0.jar:/home/ubuntu/.m2/repository/com/fasterxml/jackson/core/jackson-core/2.9.5/jackson-core-2.9.5.jar:"/>
    <property name="sun.cpu.endian" value="little"/>
    <property name="user.home" value="/home/ubuntu"/>
    <property name="user.language" value="en"/>
    <property name="java.specification.vendor" value="Oracle Corporation"/>
    <property name="java.home" value="/usr/lib/jvm/java-8-oracle/jre"/>
    <property name="basedir" value="/home/ubuntu/workspace/workspace/cloud/HourInterceptor"/>
    <property name="file.separator" value="/"/>
    <property name="line.separator" value="&#10;"/>
    <property name="java.vm.specification.vendor" value="Oracle Corporation"/>
    <property name="java.specification.name" value="Java Platform API Specification"/>
    <property name="java.awt.graphicsenv" value="sun.awt.X11GraphicsEnvironment"/>
    <property name="surefire.real.class.path" value="/home/ubuntu/workspace/workspace/cloud/HourInterceptor/target/surefire/surefirebooter1621561969750565257.jar"/>
    <property name="sun.boot.class.path" value="/usr/lib/jvm/java-8-oracle/jre/lib/resources.jar:/usr/lib/jvm/java-8-oracle/jre/lib/rt.jar:/usr/lib/jvm/java-8-oracle/jre/lib/sunrsasign.jar:/usr/lib/jvm/java-8-oracle/jre/lib/jsse.jar:/usr/lib/jvm/java-8-oracle/jre/lib/jce.jar:/usr/lib/jvm/java-8-oracle/jre/lib/charsets.jar:/usr/lib/jvm/java-8-oracle/jre/lib/jfr.jar:/usr/lib/jvm/java-8-oracle/jre/classes"/>
    <property name="sun.management.compiler" value="HotSpot 64-Bit Tiered Compilers"/>
    <property name="java.runtime.version" value="1.8.0_171-b11"/>
    <property name="user.name" value="ubuntu"/>
    <property name="path.separator" value=":"/>
    <property name="os.version" value="4.4.0-119-generic"/>
    <property name="java.endorsed.dirs" value="/usr/lib/jvm/java-8-oracle/jre/lib/endorsed"/>
    <property name="java.runtime.name" value="Java(TM) SE Runtime Environment"/>
    <property name="file.encoding" value="UTF-8"/>
    <property name="java.vm.name" value="Java HotSpot(TM) 64-Bit Server VM"/>
    <property name="localRepository" value="/home/ubuntu/.m2/repository"/>
    <property name="java.vendor.url.bug" value="http://bugreport.sun.com/bugreport/"/>
    <property name="java.io.tmpdir" value="/tmp"/>
    <property name="java.version" value="1.8.0_171"/>
    <property name="user.dir" value="/home/ubuntu/workspace/workspace/cloud/HourInterceptor"/>
    <property name="os.arch" value="amd64"/>
    <property name="java.vm.specification.name" value="Java Virtual Machine Specification"/>
    <property name="java.awt.printerjob" value="sun.print.PSPrinterJob"/>
    <property name="sun.os.patch.level" value="unknown"/>
    <property name="java.library.path" value="/usr/java/packages/lib/amd64:/usr/lib64:/lib64:/lib:/usr/lib"/>
    <property name="java.vm.info" value="mixed mode"/>
    <property name="java.vendor" value="Oracle Corporation"/>
    <property name="java.vm.version" value="25.171-b11"/>
    <property name="java.ext.dirs" value="/usr/lib/jvm/java-8-oracle/jre/lib/ext:/usr/java/packages/lib/ext"/>
    <property name="sun.io.unicode.encoding" value="UnicodeLittle"/>
    <property name="java.class.version" value="52.0"/>
  </properties>
  <testcase name="shouldAnswerWithTrue" classname="com.liteon.icgcloud.AppTest" time="0.002"/>
</testsuite>